  Action.cpp
C:\Users\albin\projects\privat\Heaven-Hell\Core\Source\Action.cpp(1,1): error C1083: Cannot open include file: 'Action.h': No such file or directory
  Animation.cpp
C:\Users\albin\projects\privat\Heaven-Hell\Core\Source\Animation.cpp(1,1): error C1083: Cannot open include file: 'Animation.h': No such file or directory
  Assets.cpp
C:\Users\albin\projects\privat\Heaven-Hell\Core\Source\Assets.cpp(1,1): error C1083: Cannot open include file: 'Assets.h': No such file or directory
  Camera.cpp
C:\Users\albin\projects\privat\Heaven-Hell\Core\Source\Camera.cpp(1,1): error C1083: Cannot open include file: 'Camera.h': No such file or directory
  ECS.cpp
  Entity.cpp
  Game.cpp
C:\Users\albin\projects\privat\Heaven-Hell\Core\Source\Game.cpp(1,1): error C1083: Cannot open include file: 'SDL2/SDL.h': No such file or directory
  Level_Loader.cpp
C:\Users\albin\projects\privat\Heaven-Hell\Core\Source\Level_Loader.cpp(1,1): error C1083: Cannot open include file: 'Scene_Play.h': No such file or directory
  Physics.cpp
C:\Users\albin\projects\privat\Heaven-Hell\Core\Source\Physics.cpp(1,1): error C1083: Cannot open include file: 'Physics.h': No such file or directory
  RandomArray.cpp
C:\Users\albin\projects\privat\Heaven-Hell\Core\Source\RandomArray.cpp(1,1): error C1083: Cannot open include file: 'RandomArray.h': No such file or directory
  Scene.cpp
C:\Users\albin\projects\privat\Heaven-Hell\Core\Source\Scene.cpp(1,1): error C1083: Cannot open include file: 'Scene.h': No such file or directory
  Scene_Menu.cpp
C:\Users\albin\projects\privat\Heaven-Hell\Core\Source\Scene_Menu.cpp(1,1): error C1083: Cannot open include file: 'Scene_Menu.h': No such file or directory
  Scene_Play.cpp
C:\Users\albin\projects\privat\Heaven-Hell\Core\Source\Scene_Play.cpp(1,1): error C1083: Cannot open include file: 'Scene_Menu.h': No such file or directory
  Sprite.cpp
C:\Users\albin\projects\privat\Heaven-Hell\Core\Source\Sprite.cpp(1,1): error C1083: Cannot open include file: 'Sprite.h': No such file or directory
  Vec2.cpp
C:\Users\albin\projects\privat\Heaven-Hell\Core\Source\Vec2.cpp(1,1): error C1083: Cannot open include file: 'Vec2.h': No such file or directory
  main.cpp
C:\Users\albin\projects\privat\Heaven-Hell\Core\Source\main.cpp(1,1): error C1083: Cannot open include file: 'SDL2/SDL.h': No such file or directory
  player.cpp
C:\Users\albin\projects\privat\Heaven-Hell\Core\Source\player.cpp(1,1): error C1083: Cannot open include file: 'ScriptableEntity.h': No such file or directory
  dragon.cpp
  projectile.cpp
  rooter.cpp
  Generating Code...
