c:\users\albin\projects\privat\heaven-hell\binaries\intermediates\windows-x86_64\debug\core\vc143.pdb
c:\users\albin\projects\privat\heaven-hell\binaries\intermediates\windows-x86_64\debug\core\vc143.idb
c:\users\albin\projects\privat\heaven-hell\binaries\intermediates\windows-x86_64\debug\core\rooter.obj
c:\users\albin\projects\privat\heaven-hell\binaries\intermediates\windows-x86_64\debug\core\projectile.obj
c:\users\albin\projects\privat\heaven-hell\binaries\intermediates\windows-x86_64\debug\core\dragon.obj
c:\users\albin\projects\privat\heaven-hell\binaries\intermediates\windows-x86_64\debug\core\player.obj
c:\users\albin\projects\privat\heaven-hell\binaries\intermediates\windows-x86_64\debug\core\main.obj
c:\users\albin\projects\privat\heaven-hell\binaries\intermediates\windows-x86_64\debug\core\vec2.obj
c:\users\albin\projects\privat\heaven-hell\binaries\intermediates\windows-x86_64\debug\core\sprite.obj
c:\users\albin\projects\privat\heaven-hell\binaries\intermediates\windows-x86_64\debug\core\scene_play.obj
c:\users\albin\projects\privat\heaven-hell\binaries\intermediates\windows-x86_64\debug\core\scene_menu.obj
c:\users\albin\projects\privat\heaven-hell\binaries\intermediates\windows-x86_64\debug\core\scene.obj
c:\users\albin\projects\privat\heaven-hell\binaries\intermediates\windows-x86_64\debug\core\randomarray.obj
c:\users\albin\projects\privat\heaven-hell\binaries\intermediates\windows-x86_64\debug\core\physics.obj
c:\users\albin\projects\privat\heaven-hell\binaries\intermediates\windows-x86_64\debug\core\level_loader.obj
c:\users\albin\projects\privat\heaven-hell\binaries\intermediates\windows-x86_64\debug\core\game.obj
c:\users\albin\projects\privat\heaven-hell\binaries\intermediates\windows-x86_64\debug\core\entity.obj
c:\users\albin\projects\privat\heaven-hell\binaries\intermediates\windows-x86_64\debug\core\ecs.obj
c:\users\albin\projects\privat\heaven-hell\binaries\intermediates\windows-x86_64\debug\core\camera.obj
c:\users\albin\projects\privat\heaven-hell\binaries\intermediates\windows-x86_64\debug\core\assets.obj
c:\users\albin\projects\privat\heaven-hell\binaries\intermediates\windows-x86_64\debug\core\animation.obj
c:\users\albin\projects\privat\heaven-hell\binaries\intermediates\windows-x86_64\debug\core\action.obj
c:\users\albin\projects\privat\heaven-hell\binaries\windows-x86_64\debug\core\core.pdb
c:\users\albin\projects\privat\heaven-hell\binaries\windows-x86_64\debug\core\core.lib
c:\users\albin\projects\privat\heaven-hell\binaries\intermediates\windows-x86_64\debug\core\core.ilk
c:\users\albin\projects\privat\heaven-hell\binaries\intermediates\windows-x86_64\debug\core\core.tlog\cl.command.1.tlog
c:\users\albin\projects\privat\heaven-hell\binaries\intermediates\windows-x86_64\debug\core\core.tlog\cl.items.tlog
c:\users\albin\projects\privat\heaven-hell\binaries\intermediates\windows-x86_64\debug\core\core.tlog\cl.read.1.tlog
c:\users\albin\projects\privat\heaven-hell\binaries\intermediates\windows-x86_64\debug\core\core.tlog\cl.write.1.tlog
c:\users\albin\projects\privat\heaven-hell\binaries\intermediates\windows-x86_64\debug\core\core.tlog\link.command.1.tlog
c:\users\albin\projects\privat\heaven-hell\binaries\intermediates\windows-x86_64\debug\core\core.tlog\link.read.1.tlog
c:\users\albin\projects\privat\heaven-hell\binaries\intermediates\windows-x86_64\debug\core\core.tlog\link.secondary.1.tlog
c:\users\albin\projects\privat\heaven-hell\binaries\intermediates\windows-x86_64\debug\core\core.tlog\link.write.1.tlog
