  Scene_Play.cpp
C:\Users\albin\projects\privat\Heaven-Hell\Core\Source\Scene_Play.cpp(719,31): warning C4267: '=': conversion from 'size_t' to 'int', possible loss of data
C:\Users\albin\projects\privat\Heaven-Hell\Core\Source\Scene_Play.cpp(720,31): warning C4267: '=': conversion from 'size_t' to 'int', possible loss of data
C:\Users\albin\projects\privat\Heaven-Hell\Core\Source\Scene_Play.cpp(959,24): warning C4305: '=': truncation from 'double' to 'float'
C:\Users\albin\projects\privat\Heaven-Hell\Core\Source\Scene_Play.cpp(960,24): warning C4305: '=': truncation from 'double' to 'float'
C:\Users\albin\projects\privat\Heaven-Hell\Core\Source\Scene_Play.cpp(963,24): warning C4305: '=': truncation from 'double' to 'float'
C:\Users\albin\projects\privat\Heaven-Hell\Core\Source\Scene_Play.cpp(964,24): warning C4305: '=': truncation from 'double' to 'float'
C:\Users\albin\projects\privat\Heaven-Hell\Core\Source\include\ECS.hpp(179,62): warning C4244: 'argument': conversion from 'float' to 'int', possible loss of data
  (compiling source file 'Source/Scene_Play.cpp')
      C:\Users\albin\projects\privat\Heaven-Hell\Core\Source\include\ECS.hpp(179,62):
      the template instantiation context (the oldest one first) is
          C:\Users\albin\projects\privat\Heaven-Hell\Core\Source\Scene_Play.cpp(741,11):
          see reference to function template instantiation 'T &ECS::addComponent<CTransform,Vec2&,Vec2,Vec2,int,float&,bool>(EntityID,Vec2 &,Vec2 &&,Vec2 &&,int &&,float &,bool &&)' being compiled
          with
          [
              T=CTransform
          ]
  
C:\Users\albin\projects\privat\Heaven-Hell\Core\Source\include\ECS.hpp(179,62): warning C4244: 'argument': conversion from '_Ty' to 'const float', possible loss of data
C:\Users\albin\projects\privat\Heaven-Hell\Core\Source\include\ECS.hpp(179,62): warning C4244:         with
C:\Users\albin\projects\privat\Heaven-Hell\Core\Source\include\ECS.hpp(179,62): warning C4244:         [
C:\Users\albin\projects\privat\Heaven-Hell\Core\Source\include\ECS.hpp(179,62): warning C4244:             _Ty=int
C:\Users\albin\projects\privat\Heaven-Hell\Core\Source\include\ECS.hpp(179,62): warning C4244:         ]
  (compiling source file 'Source/Scene_Play.cpp')
  
  Core.vcxproj -> C:\Users\albin\projects\privat\Heaven-Hell\Binaries\windows-x86_64\Debug\Core\Core.lib
